[debug] [2024-06-27T11:23:31.272Z] ----------------------------------------------------------------------
[debug] [2024-06-27T11:23:31.277Z] Command:       C:\Program Files\nodejs\node.exe C:\Users\katrin.hanikel\AppData\Roaming\npm\node_modules\firebase-tools\lib\bin\firebase.js init
[debug] [2024-06-27T11:23:31.278Z] CLI Version:   13.12.0
[debug] [2024-06-27T11:23:31.282Z] Platform:      win32
[debug] [2024-06-27T11:23:31.282Z] Node Version:  v20.14.0
[debug] [2024-06-27T11:23:31.283Z] Time:          Thu Jun 27 2024 13:23:31 GMT+0200 (Mitteleuropäische Sommerzeit)
[debug] [2024-06-27T11:23:31.283Z] ----------------------------------------------------------------------
[debug] 
[debug] [2024-06-27T11:23:31.463Z] > command requires scopes: ["email","openid","https://www.googleapis.com/auth/cloudplatformprojects.readonly","https://www.googleapis.com/auth/firebase","https://www.googleapis.com/auth/cloud-platform"]
[debug] [2024-06-27T11:23:31.464Z] > authorizing via signed-in user (196azura@gmail.com)
[info] 
     ######## #### ########  ######## ########     ###     ######  ########
     ##        ##  ##     ## ##       ##     ##  ##   ##  ##       ##
     ######    ##  ########  ######   ########  #########  ######  ######
     ##        ##  ##    ##  ##       ##     ## ##     ##       ## ##
     ##       #### ##     ## ######## ########  ##     ##  ######  ########

You're about to initialize a Firebase project in this directory:

  C:\Users\katrin.hanikel\Desktop\projektfrontend\bewerbungsformular_v2

Before we get started, keep in mind:

  * You are initializing within an existing Firebase project directory

[info] 
=== Project Setup
[info] 
[info] First, let's associate this project directory with a Firebase project.
[info] You can create multiple project aliases by running firebase use --add, 
[info] but for now we'll just set up a default project.
[info] 
[debug] [2024-06-27T11:23:52.285Z] Using project from CLI flag: bewerbungsformular-54021
[debug] [2024-06-27T11:23:52.287Z] > refreshing access token with scopes: []
[debug] [2024-06-27T11:23:52.289Z] >>> [apiv2][query] POST https://www.googleapis.com/oauth2/v3/token [none]
[debug] [2024-06-27T11:23:52.290Z] >>> [apiv2][body] POST https://www.googleapis.com/oauth2/v3/token [omitted]
[debug] [2024-06-27T11:23:52.481Z] <<< [apiv2][status] POST https://www.googleapis.com/oauth2/v3/token 200
[debug] [2024-06-27T11:23:52.482Z] <<< [apiv2][body] POST https://www.googleapis.com/oauth2/v3/token [omitted]
[debug] [2024-06-27T11:23:52.496Z] >>> [apiv2][query] GET https://firebase.googleapis.com/v1beta1/projects/bewerbungsformular-54021 [none]
[debug] [2024-06-27T11:23:52.732Z] <<< [apiv2][status] GET https://firebase.googleapis.com/v1beta1/projects/bewerbungsformular-54021 200
[debug] [2024-06-27T11:23:52.732Z] <<< [apiv2][body] GET https://firebase.googleapis.com/v1beta1/projects/bewerbungsformular-54021 {"projectId":"bewerbungsformular-54021","projectNumber":"831004135307","displayName":"bewerbungsformular","name":"projects/bewerbungsformular-54021","resources":{"hostingSite":"bewerbungsformular-54021"},"state":"ACTIVE","etag":"1_04429afb-f093-4e28-b040-146af5446ef0"}
[info] i  Using project bewerbungsformular-54021 (bewerbungsformular) 
[info] 
=== Firestore Setup
[debug] [2024-06-27T11:23:52.740Z] >>> [apiv2][query] GET https://serviceusage.googleapis.com/v1/projects/bewerbungsformular-54021/services/firestore.googleapis.com [none]
[debug] [2024-06-27T11:23:52.741Z] >>> [apiv2][(partial)header] GET https://serviceusage.googleapis.com/v1/projects/bewerbungsformular-54021/services/firestore.googleapis.com x-goog-quota-user=projects/bewerbungsformular-54021
[debug] [2024-06-27T11:23:53.651Z] <<< [apiv2][status] GET https://serviceusage.googleapis.com/v1/projects/bewerbungsformular-54021/services/firestore.googleapis.com 200
[debug] [2024-06-27T11:23:53.652Z] <<< [apiv2][body] GET https://serviceusage.googleapis.com/v1/projects/bewerbungsformular-54021/services/firestore.googleapis.com [omitted]
[debug] [2024-06-27T11:23:53.652Z] >>> [apiv2][query] GET https://firestore.googleapis.com/v1/projects/bewerbungsformular-54021/databases/(default) [none]
[debug] [2024-06-27T11:23:53.786Z] <<< [apiv2][status] GET https://firestore.googleapis.com/v1/projects/bewerbungsformular-54021/databases/(default) 200
[debug] [2024-06-27T11:23:53.787Z] <<< [apiv2][body] GET https://firestore.googleapis.com/v1/projects/bewerbungsformular-54021/databases/(default) {"name":"projects/bewerbungsformular-54021/databases/(default)","uid":"154bec35-48a3-44fa-8b49-b2ebc1b067ce","createTime":"2024-06-13T13:04:51.134954Z","updateTime":"2024-06-13T13:04:51.134954Z","locationId":"eur3","type":"FIRESTORE_NATIVE","concurrencyMode":"PESSIMISTIC","versionRetentionPeriod":"3600s","earliestVersionTime":"2024-06-27T10:23:58.069616Z","appEngineIntegrationMode":"DISABLED","keyPrefix":"e","pointInTimeRecoveryEnablement":"POINT_IN_TIME_RECOVERY_DISABLED","deleteProtectionState":"DELETE_PROTECTION_DISABLED","etag":"IKi6xO/V+4YDMJzrgbzI+YYD"}
[debug] [2024-06-27T11:23:53.787Z] database_type: FIRESTORE_NATIVE
[debug] [2024-06-27T11:23:53.788Z] > command requires scopes: ["email","openid","https://www.googleapis.com/auth/cloudplatformprojects.readonly","https://www.googleapis.com/auth/firebase","https://www.googleapis.com/auth/cloud-platform"]
[debug] [2024-06-27T11:23:53.788Z] > authorizing via signed-in user (196azura@gmail.com)
[debug] [2024-06-27T11:23:53.788Z] [iam] checking project bewerbungsformular-54021 for permissions ["firebase.projects.get"]
[debug] [2024-06-27T11:23:53.789Z] >>> [apiv2][query] POST https://cloudresourcemanager.googleapis.com/v1/projects/bewerbungsformular-54021:testIamPermissions [none]
[debug] [2024-06-27T11:23:53.789Z] >>> [apiv2][(partial)header] POST https://cloudresourcemanager.googleapis.com/v1/projects/bewerbungsformular-54021:testIamPermissions x-goog-quota-user=projects/bewerbungsformular-54021
[debug] [2024-06-27T11:23:53.789Z] >>> [apiv2][body] POST https://cloudresourcemanager.googleapis.com/v1/projects/bewerbungsformular-54021:testIamPermissions {"permissions":["firebase.projects.get"]}
[debug] [2024-06-27T11:23:53.967Z] <<< [apiv2][status] POST https://cloudresourcemanager.googleapis.com/v1/projects/bewerbungsformular-54021:testIamPermissions 200
[debug] [2024-06-27T11:23:53.967Z] <<< [apiv2][body] POST https://cloudresourcemanager.googleapis.com/v1/projects/bewerbungsformular-54021:testIamPermissions {"permissions":["firebase.projects.get"]}
[info] 
[info] Firestore Security Rules allow you to define how and when to allow
[info] requests. You can keep these rules in your project directory
[info] and publish them with firebase deploy.
[info] 
[debug] [2024-06-27T11:24:12.467Z] ----------------------------------------------------------------------
[debug] [2024-06-27T11:24:12.471Z] Command:       C:\Program Files\nodejs\node.exe C:\Users\katrin.hanikel\AppData\Roaming\npm\node_modules\firebase-tools\lib\bin\firebase.js init
[debug] [2024-06-27T11:24:12.472Z] CLI Version:   13.12.0
[debug] [2024-06-27T11:24:12.472Z] Platform:      win32
[debug] [2024-06-27T11:24:12.473Z] Node Version:  v20.14.0
[debug] [2024-06-27T11:24:12.473Z] Time:          Thu Jun 27 2024 13:24:12 GMT+0200 (Mitteleuropäische Sommerzeit)
[debug] [2024-06-27T11:24:12.473Z] ----------------------------------------------------------------------
[debug] 
[debug] [2024-06-27T11:24:12.608Z] > command requires scopes: ["email","openid","https://www.googleapis.com/auth/cloudplatformprojects.readonly","https://www.googleapis.com/auth/firebase","https://www.googleapis.com/auth/cloud-platform"]
[debug] [2024-06-27T11:24:12.609Z] > authorizing via signed-in user (196azura@gmail.com)
[info] 
     ######## #### ########  ######## ########     ###     ######  ########
     ##        ##  ##     ## ##       ##     ##  ##   ##  ##       ##
     ######    ##  ########  ######   ########  #########  ######  ######
     ##        ##  ##    ##  ##       ##     ## ##     ##       ## ##
     ##       #### ##     ## ######## ########  ##     ##  ######  ########

You're about to initialize a Firebase project in this directory:

  C:\Users\katrin.hanikel\Desktop\projektfrontend\bewerbungsformular_v2

Before we get started, keep in mind:

  * You are initializing within an existing Firebase project directory

[info] 
=== Project Setup
[info] 
[info] First, let's associate this project directory with a Firebase project.
[info] You can create multiple project aliases by running firebase use --add, 
[info] but for now we'll just set up a default project.
[info] 
[debug] [2024-06-27T11:24:27.956Z] Using project from CLI flag: bewerbungsformular-54021
[debug] [2024-06-27T11:24:27.959Z] >>> [apiv2][query] GET https://firebase.googleapis.com/v1beta1/projects/bewerbungsformular-54021 [none]
[debug] [2024-06-27T11:24:28.531Z] <<< [apiv2][status] GET https://firebase.googleapis.com/v1beta1/projects/bewerbungsformular-54021 200
[debug] [2024-06-27T11:24:28.532Z] <<< [apiv2][body] GET https://firebase.googleapis.com/v1beta1/projects/bewerbungsformular-54021 {"projectId":"bewerbungsformular-54021","projectNumber":"831004135307","displayName":"bewerbungsformular","name":"projects/bewerbungsformular-54021","resources":{"hostingSite":"bewerbungsformular-54021"},"state":"ACTIVE","etag":"1_04429afb-f093-4e28-b040-146af5446ef0"}
[info] i  Using project bewerbungsformular-54021 (bewerbungsformular) 
[info] 
=== Firestore Setup
[debug] [2024-06-27T11:24:28.550Z] >>> [apiv2][query] GET https://serviceusage.googleapis.com/v1/projects/bewerbungsformular-54021/services/firestore.googleapis.com [none]
[debug] [2024-06-27T11:24:28.551Z] >>> [apiv2][(partial)header] GET https://serviceusage.googleapis.com/v1/projects/bewerbungsformular-54021/services/firestore.googleapis.com x-goog-quota-user=projects/bewerbungsformular-54021
[debug] [2024-06-27T11:24:29.373Z] <<< [apiv2][status] GET https://serviceusage.googleapis.com/v1/projects/bewerbungsformular-54021/services/firestore.googleapis.com 200
[debug] [2024-06-27T11:24:29.374Z] <<< [apiv2][body] GET https://serviceusage.googleapis.com/v1/projects/bewerbungsformular-54021/services/firestore.googleapis.com [omitted]
[debug] [2024-06-27T11:24:29.375Z] >>> [apiv2][query] GET https://firestore.googleapis.com/v1/projects/bewerbungsformular-54021/databases/(default) [none]
[debug] [2024-06-27T11:24:29.499Z] <<< [apiv2][status] GET https://firestore.googleapis.com/v1/projects/bewerbungsformular-54021/databases/(default) 200
[debug] [2024-06-27T11:24:29.499Z] <<< [apiv2][body] GET https://firestore.googleapis.com/v1/projects/bewerbungsformular-54021/databases/(default) {"name":"projects/bewerbungsformular-54021/databases/(default)","uid":"154bec35-48a3-44fa-8b49-b2ebc1b067ce","createTime":"2024-06-13T13:04:51.134954Z","updateTime":"2024-06-13T13:04:51.134954Z","locationId":"eur3","type":"FIRESTORE_NATIVE","concurrencyMode":"PESSIMISTIC","versionRetentionPeriod":"3600s","earliestVersionTime":"2024-06-27T10:24:33.785463Z","appEngineIntegrationMode":"DISABLED","keyPrefix":"e","pointInTimeRecoveryEnablement":"POINT_IN_TIME_RECOVERY_DISABLED","deleteProtectionState":"DELETE_PROTECTION_DISABLED","etag":"IJaxyIDW+4YDMJzrgbzI+YYD"}
[debug] [2024-06-27T11:24:29.499Z] database_type: FIRESTORE_NATIVE
[debug] [2024-06-27T11:24:29.500Z] > command requires scopes: ["email","openid","https://www.googleapis.com/auth/cloudplatformprojects.readonly","https://www.googleapis.com/auth/firebase","https://www.googleapis.com/auth/cloud-platform"]
[debug] [2024-06-27T11:24:29.500Z] > authorizing via signed-in user (196azura@gmail.com)
[debug] [2024-06-27T11:24:29.500Z] [iam] checking project bewerbungsformular-54021 for permissions ["firebase.projects.get"]
[debug] [2024-06-27T11:24:29.501Z] >>> [apiv2][query] POST https://cloudresourcemanager.googleapis.com/v1/projects/bewerbungsformular-54021:testIamPermissions [none]
[debug] [2024-06-27T11:24:29.501Z] >>> [apiv2][(partial)header] POST https://cloudresourcemanager.googleapis.com/v1/projects/bewerbungsformular-54021:testIamPermissions x-goog-quota-user=projects/bewerbungsformular-54021
[debug] [2024-06-27T11:24:29.501Z] >>> [apiv2][body] POST https://cloudresourcemanager.googleapis.com/v1/projects/bewerbungsformular-54021:testIamPermissions {"permissions":["firebase.projects.get"]}
[debug] [2024-06-27T11:24:30.168Z] <<< [apiv2][status] POST https://cloudresourcemanager.googleapis.com/v1/projects/bewerbungsformular-54021:testIamPermissions 200
[debug] [2024-06-27T11:24:30.168Z] <<< [apiv2][body] POST https://cloudresourcemanager.googleapis.com/v1/projects/bewerbungsformular-54021:testIamPermissions {"permissions":["firebase.projects.get"]}
[info] 
[info] Firestore Security Rules allow you to define how and when to allow
[info] requests. You can keep these rules in your project directory
[info] and publish them with firebase deploy.
[info] 
[debug] [2024-06-27T11:24:33.226Z] >>> [apiv2][query] GET https://firebaserules.googleapis.com/v1/projects/bewerbungsformular-54021/releases pageSize=10&pageToken=
[debug] [2024-06-27T11:24:33.558Z] <<< [apiv2][status] GET https://firebaserules.googleapis.com/v1/projects/bewerbungsformular-54021/releases 200
[debug] [2024-06-27T11:24:33.558Z] <<< [apiv2][body] GET https://firebaserules.googleapis.com/v1/projects/bewerbungsformular-54021/releases {"releases":[{"name":"projects/bewerbungsformular-54021/releases/cloud.firestore","rulesetName":"projects/bewerbungsformular-54021/rulesets/fbc9c221-16f3-4088-ad39-5229baddecd3","createTime":"2024-06-13T13:04:57.666315Z","updateTime":"2024-06-27T09:41:13.573876Z"}]}
[debug] [2024-06-27T11:24:33.559Z] Found ruleset: projects/bewerbungsformular-54021/rulesets/fbc9c221-16f3-4088-ad39-5229baddecd3
[debug] [2024-06-27T11:24:33.560Z] >>> [apiv2][query] GET https://firebaserules.googleapis.com/v1/projects/bewerbungsformular-54021/rulesets/fbc9c221-16f3-4088-ad39-5229baddecd3 [none]
[debug] [2024-06-27T11:24:33.751Z] <<< [apiv2][status] GET https://firebaserules.googleapis.com/v1/projects/bewerbungsformular-54021/rulesets/fbc9c221-16f3-4088-ad39-5229baddecd3 200
[debug] [2024-06-27T11:24:33.752Z] <<< [apiv2][body] GET https://firebaserules.googleapis.com/v1/projects/bewerbungsformular-54021/rulesets/fbc9c221-16f3-4088-ad39-5229baddecd3 [omitted]
[info] 
[info] Firestore indexes allow you to perform complex queries while
[info] maintaining performance that scales with the size of the result
[info] set. You can keep index definitions in your project directory
[info] and publish them with firebase deploy.
[info] 
[debug] [2024-06-27T11:25:01.239Z] >>> [apiv2][query] GET https://firestore.googleapis.com/v1/projects/bewerbungsformular-54021/databases/(default)/collectionGroups/-/indexes [none]
[debug] [2024-06-27T11:25:01.244Z] >>> [apiv2][query] GET https://firestore.googleapis.com/v1/projects/bewerbungsformular-54021/databases/(default)/collectionGroups/-/fields?filter=indexConfig.usesAncestorConfig=false OR ttlConfig:* [none]
[debug] [2024-06-27T11:25:01.357Z] <<< [apiv2][status] GET https://firestore.googleapis.com/v1/projects/bewerbungsformular-54021/databases/(default)/collectionGroups/-/indexes 200
[debug] [2024-06-27T11:25:01.357Z] <<< [apiv2][body] GET https://firestore.googleapis.com/v1/projects/bewerbungsformular-54021/databases/(default)/collectionGroups/-/indexes {}
[debug] [2024-06-27T11:25:01.383Z] <<< [apiv2][status] GET https://firestore.googleapis.com/v1/projects/bewerbungsformular-54021/databases/(default)/collectionGroups/-/fields?filter=indexConfig.usesAncestorConfig=false OR ttlConfig:* 200
[debug] [2024-06-27T11:25:01.383Z] <<< [apiv2][body] GET https://firestore.googleapis.com/v1/projects/bewerbungsformular-54021/databases/(default)/collectionGroups/-/fields?filter=indexConfig.usesAncestorConfig=false OR ttlConfig:* {"fields":[{"name":"projects/bewerbungsformular-54021/databases/(default)/collectionGroups/__default__/fields/*","indexConfig":{"indexes":[{"queryScope":"COLLECTION","fields":[{"fieldPath":"*","order":"ASCENDING"}],"state":"READY"},{"queryScope":"COLLECTION","fields":[{"fieldPath":"*","order":"DESCENDING"}],"state":"READY"},{"queryScope":"COLLECTION","fields":[{"fieldPath":"*","arrayConfig":"CONTAINS"}],"state":"READY"}]}}]}
[info] 
=== Hosting Setup
[debug] [2024-06-27T11:25:01.387Z] >>> [apiv2][query] GET https://firebase.googleapis.com/v1beta1/projects/bewerbungsformular-54021 [none]
[debug] [2024-06-27T11:25:01.649Z] <<< [apiv2][status] GET https://firebase.googleapis.com/v1beta1/projects/bewerbungsformular-54021 200
[debug] [2024-06-27T11:25:01.649Z] <<< [apiv2][body] GET https://firebase.googleapis.com/v1beta1/projects/bewerbungsformular-54021 {"projectId":"bewerbungsformular-54021","projectNumber":"831004135307","displayName":"bewerbungsformular","name":"projects/bewerbungsformular-54021","resources":{"hostingSite":"bewerbungsformular-54021"},"state":"ACTIVE","etag":"1_04429afb-f093-4e28-b040-146af5446ef0"}
[info] 
[info] Your public directory is the folder (relative to your project directory) that
[info] will contain Hosting assets to be uploaded with firebase deploy. If you
[info] have a build process for your assets, use your build's output directory.
[info] 
